This file contains any messages produced by compilers while
running configure, to aid debugging if configure makes a mistake.

It was created by configure, which was
generated by GNU Autoconf 2.61.  Invocation command line was

  $ ./configure 

## --------- ##
## Platform. ##
## --------- ##

hostname = Watchwolf
uname -m = i686
uname -r = 2.6.22-suspend2
uname -s = Linux
uname -v = #18 SMP Sat Jul 28 19:08:24 CEST 2007

/usr/bin/uname -p = Intel(R) Core(TM)2 CPU T5600 @ 1.83GHz
/bin/uname -X     = unknown

/bin/arch              = i686
/usr/bin/arch -k       = unknown
/usr/convex/getsysinfo = unknown
/usr/bin/hostinfo      = unknown
/bin/machine           = unknown
/usr/bin/oslevel       = unknown
/bin/universe          = unknown

PATH: /home/watchwolf/bin
PATH: /usr/local/bin
PATH: /usr/bin
PATH: /bin
PATH: /opt/bin
PATH: /usr/i686-pc-linux-gnu/gcc-bin/4.1.2
PATH: /usr/kde/3.5/bin
PATH: /usr/qt/3/bin
PATH: /usr/games/bin
PATH: /usr/local/bin


## ----------- ##
## Core tests. ##
## ----------- ##

configure:1998: checking build system type
configure:2016: result: i686-pc-linux-gnu
configure:2038: checking host system type
configure:2053: result: i686-pc-linux-gnu
configure:2075: checking target system type
configure:2090: result: i686-pc-linux-gnu
configure:2133: checking for a BSD-compatible install
configure:2189: result: /usr/bin/install -c
configure:2200: checking whether build environment is sane
configure:2243: result: yes
configure:2308: checking for gawk
configure:2324: found /usr/bin/gawk
configure:2335: result: gawk
configure:2346: checking whether make sets $(MAKE)
configure:2367: result: yes
configure:2569: checking for style of include used by make
configure:2597: result: GNU
configure:2670: checking for gcc
configure:2686: found /usr/bin/gcc
configure:2697: result: gcc
configure:2935: checking for C compiler version
configure:2942: gcc --version >&5
gcc (GCC) 4.1.2 (Gentoo 4.1.2)
Copyright (C) 2006 Free Software Foundation, Inc.
This is free software; see the source for copying conditions.  There is NO
warranty; not even for MERCHANTABILITY or FITNESS FOR A PARTICULAR PURPOSE.

configure:2945: $? = 0
configure:2952: gcc -v >&5
Using built-in specs.
Target: i686-pc-linux-gnu
Configured with: /var/tmp/portage/sys-devel/gcc-4.1.2/work/gcc-4.1.2/configure --prefix=/usr --bindir=/usr/i686-pc-linux-gnu/gcc-bin/4.1.2 --includedir=/usr/lib/gcc/i686-pc-linux-gnu/4.1.2/include --datadir=/usr/share/gcc-data/i686-pc-linux-gnu/4.1.2 --mandir=/usr/share/gcc-data/i686-pc-linux-gnu/4.1.2/man --infodir=/usr/share/gcc-data/i686-pc-linux-gnu/4.1.2/info --with-gxx-include-dir=/usr/lib/gcc/i686-pc-linux-gnu/4.1.2/include/g++-v4 --host=i686-pc-linux-gnu --build=i686-pc-linux-gnu --disable-altivec --enable-nls --without-included-gettext --with-system-zlib --disable-checking --disable-werror --enable-secureplt --disable-libunwind-exceptions --disable-multilib --enable-libmudflap --disable-libssp --disable-libgcj --enable-languages=c,c++,fortran --enable-shared --enable-threads=posix --enable-__cxa_atexit --enable-clocale=gnu
Thread model: posix
gcc version 4.1.2 (Gentoo 4.1.2)
configure:2955: $? = 0
configure:2962: gcc -V >&5
gcc: '-V' option must have argument
configure:2965: $? = 1
configure:2988: checking for C compiler default output file name
configure:3015: gcc    conftest.c  >&5
configure:3018: $? = 0
configure:3056: result: a.out
configure:3073: checking whether the C compiler works
configure:3083: ./a.out
configure:3086: $? = 0
configure:3103: result: yes
configure:3110: checking whether we are cross compiling
configure:3112: result: no
configure:3115: checking for suffix of executables
configure:3122: gcc -o conftest    conftest.c  >&5
configure:3125: $? = 0
configure:3149: result: 
configure:3155: checking for suffix of object files
configure:3181: gcc -c   conftest.c >&5
configure:3184: $? = 0
configure:3207: result: o
configure:3211: checking whether we are using the GNU C compiler
configure:3240: gcc -c   conftest.c >&5
configure:3246: $? = 0
configure:3263: result: yes
configure:3268: checking whether gcc accepts -g
configure:3298: gcc -c -g  conftest.c >&5
configure:3304: $? = 0
configure:3403: result: yes
configure:3420: checking for gcc option to accept ISO C89
configure:3494: gcc  -c -g -O2  conftest.c >&5
configure:3500: $? = 0
configure:3523: result: none needed
configure:3543: checking dependency style of gcc
configure:3633: result: gcc3
configure:3651: checking for library containing strerror
configure:3692: gcc -o conftest -g -O2   conftest.c  >&5
configure:3698: $? = 0
configure:3726: result: none required
configure:3782: checking for gcc
configure:3809: result: gcc
configure:4047: checking for C compiler version
configure:4054: gcc --version >&5
gcc (GCC) 4.1.2 (Gentoo 4.1.2)
Copyright (C) 2006 Free Software Foundation, Inc.
This is free software; see the source for copying conditions.  There is NO
warranty; not even for MERCHANTABILITY or FITNESS FOR A PARTICULAR PURPOSE.

configure:4057: $? = 0
configure:4064: gcc -v >&5
Using built-in specs.
Target: i686-pc-linux-gnu
Configured with: /var/tmp/portage/sys-devel/gcc-4.1.2/work/gcc-4.1.2/configure --prefix=/usr --bindir=/usr/i686-pc-linux-gnu/gcc-bin/4.1.2 --includedir=/usr/lib/gcc/i686-pc-linux-gnu/4.1.2/include --datadir=/usr/share/gcc-data/i686-pc-linux-gnu/4.1.2 --mandir=/usr/share/gcc-data/i686-pc-linux-gnu/4.1.2/man --infodir=/usr/share/gcc-data/i686-pc-linux-gnu/4.1.2/info --with-gxx-include-dir=/usr/lib/gcc/i686-pc-linux-gnu/4.1.2/include/g++-v4 --host=i686-pc-linux-gnu --build=i686-pc-linux-gnu --disable-altivec --enable-nls --without-included-gettext --with-system-zlib --disable-checking --disable-werror --enable-secureplt --disable-libunwind-exceptions --disable-multilib --enable-libmudflap --disable-libssp --disable-libgcj --enable-languages=c,c++,fortran --enable-shared --enable-threads=posix --enable-__cxa_atexit --enable-clocale=gnu
Thread model: posix
gcc version 4.1.2 (Gentoo 4.1.2)
configure:4067: $? = 0
configure:4074: gcc -V >&5
gcc: '-V' option must have argument
configure:4077: $? = 1
configure:4080: checking whether we are using the GNU C compiler
configure:4132: result: yes
configure:4137: checking whether gcc accepts -g
configure:4272: result: yes
configure:4289: checking for gcc option to accept ISO C89
configure:4392: result: none needed
configure:4412: checking dependency style of gcc
configure:4502: result: gcc3
configure:4567: checking for gcc
configure:4594: result: gcc
configure:4832: checking for C compiler version
configure:4839: gcc --version >&5
gcc (GCC) 4.1.2 (Gentoo 4.1.2)
Copyright (C) 2006 Free Software Foundation, Inc.
This is free software; see the source for copying conditions.  There is NO
warranty; not even for MERCHANTABILITY or FITNESS FOR A PARTICULAR PURPOSE.

configure:4842: $? = 0
configure:4849: gcc -v >&5
Using built-in specs.
Target: i686-pc-linux-gnu
Configured with: /var/tmp/portage/sys-devel/gcc-4.1.2/work/gcc-4.1.2/configure --prefix=/usr --bindir=/usr/i686-pc-linux-gnu/gcc-bin/4.1.2 --includedir=/usr/lib/gcc/i686-pc-linux-gnu/4.1.2/include --datadir=/usr/share/gcc-data/i686-pc-linux-gnu/4.1.2 --mandir=/usr/share/gcc-data/i686-pc-linux-gnu/4.1.2/man --infodir=/usr/share/gcc-data/i686-pc-linux-gnu/4.1.2/info --with-gxx-include-dir=/usr/lib/gcc/i686-pc-linux-gnu/4.1.2/include/g++-v4 --host=i686-pc-linux-gnu --build=i686-pc-linux-gnu --disable-altivec --enable-nls --without-included-gettext --with-system-zlib --disable-checking --disable-werror --enable-secureplt --disable-libunwind-exceptions --disable-multilib --enable-libmudflap --disable-libssp --disable-libgcj --enable-languages=c,c++,fortran --enable-shared --enable-threads=posix --enable-__cxa_atexit --enable-clocale=gnu
Thread model: posix
gcc version 4.1.2 (Gentoo 4.1.2)
configure:4852: $? = 0
configure:4859: gcc -V >&5
gcc: '-V' option must have argument
configure:4862: $? = 1
configure:4865: checking whether we are using the GNU C compiler
configure:4917: result: yes
configure:4922: checking whether gcc accepts -g
configure:5057: result: yes
configure:5074: checking for gcc option to accept ISO C89
configure:5177: result: none needed
configure:5197: checking dependency style of gcc
configure:5287: result: gcc3
configure:5312: checking how to run the C preprocessor
configure:5352: gcc -E  conftest.c
configure:5358: $? = 0
configure:5389: gcc -E  conftest.c
conftest.c:10:28: error: ac_nonexistent.h: No such file or directory
configure:5395: $? = 1
configure: failed program was:
| /* confdefs.h.  */
| #define PACKAGE_NAME ""
| #define PACKAGE_TARNAME ""
| #define PACKAGE_VERSION ""
| #define PACKAGE_STRING ""
| #define PACKAGE_BUGREPORT ""
| #define PACKAGE "exalt"
| #define VERSION "0.5"
| /* end confdefs.h.  */
| #include <ac_nonexistent.h>
configure:5428: result: gcc -E
configure:5457: gcc -E  conftest.c
configure:5463: $? = 0
configure:5494: gcc -E  conftest.c
conftest.c:10:28: error: ac_nonexistent.h: No such file or directory
configure:5500: $? = 1
configure: failed program was:
| /* confdefs.h.  */
| #define PACKAGE_NAME ""
| #define PACKAGE_TARNAME ""
| #define PACKAGE_VERSION ""
| #define PACKAGE_STRING ""
| #define PACKAGE_BUGREPORT ""
| #define PACKAGE "exalt"
| #define VERSION "0.5"
| /* end confdefs.h.  */
| #include <ac_nonexistent.h>
configure:5538: checking for grep that handles long lines and -e
configure:5612: result: /bin/grep
configure:5617: checking for egrep
configure:5695: result: /bin/grep -E
configure:5700: checking for ANSI C header files
configure:5730: gcc -c -g -O2  conftest.c >&5
configure:5736: $? = 0
configure:5835: gcc -o conftest -g -O2   conftest.c  >&5
configure:5838: $? = 0
configure:5844: ./conftest
configure:5847: $? = 0
configure:5864: result: yes
configure:5874: checking for an ANSI C-conforming const
configure:5949: gcc -c -g -O2  conftest.c >&5
configure:5955: $? = 0
configure:5970: result: yes
configure:6052: checking for a sed that does not truncate output
configure:6108: result: /bin/sed
configure:6122: checking for ld used by gcc
configure:6189: result: /usr/i686-pc-linux-gnu/bin/ld
configure:6198: checking if the linker (/usr/i686-pc-linux-gnu/bin/ld) is GNU ld
configure:6213: result: yes
configure:6218: checking for /usr/i686-pc-linux-gnu/bin/ld option to reload object files
configure:6225: result: -r
configure:6243: checking for BSD-compatible nm
configure:6292: result: /usr/bin/nm -B
configure:6296: checking whether ln -s works
configure:6300: result: yes
configure:6307: checking how to recognize dependent libraries
configure:6493: result: pass_all
configure:6742: checking for sys/types.h
configure:6763: gcc -c -g -O2  conftest.c >&5
configure:6769: $? = 0
configure:6785: result: yes
configure:6742: checking for sys/stat.h
configure:6763: gcc -c -g -O2  conftest.c >&5
configure:6769: $? = 0
configure:6785: result: yes
configure:6742: checking for stdlib.h
configure:6763: gcc -c -g -O2  conftest.c >&5
configure:6769: $? = 0
configure:6785: result: yes
configure:6742: checking for string.h
configure:6763: gcc -c -g -O2  conftest.c >&5
configure:6769: $? = 0
configure:6785: result: yes
configure:6742: checking for memory.h
configure:6763: gcc -c -g -O2  conftest.c >&5
configure:6769: $? = 0
configure:6785: result: yes
configure:6742: checking for strings.h
configure:6763: gcc -c -g -O2  conftest.c >&5
configure:6769: $? = 0
configure:6785: result: yes
configure:6742: checking for inttypes.h
configure:6763: gcc -c -g -O2  conftest.c >&5
configure:6769: $? = 0
configure:6785: result: yes
configure:6742: checking for stdint.h
configure:6763: gcc -c -g -O2  conftest.c >&5
configure:6769: $? = 0
configure:6785: result: yes
configure:6742: checking for unistd.h
configure:6763: gcc -c -g -O2  conftest.c >&5
configure:6769: $? = 0
configure:6785: result: yes
configure:6812: checking dlfcn.h usability
configure:6829: gcc -c -g -O2  conftest.c >&5
configure:6835: $? = 0
configure:6849: result: yes
configure:6853: checking dlfcn.h presence
configure:6868: gcc -E  conftest.c
configure:6874: $? = 0
configure:6888: result: yes
configure:6916: checking for dlfcn.h
configure:6924: result: yes
configure:6995: checking for g++
configure:7011: found /usr/bin/g++
configure:7022: result: g++
configure:7053: checking for C++ compiler version
configure:7060: g++ --version >&5
g++ (GCC) 4.1.2 (Gentoo 4.1.2)
Copyright (C) 2006 Free Software Foundation, Inc.
This is free software; see the source for copying conditions.  There is NO
warranty; not even for MERCHANTABILITY or FITNESS FOR A PARTICULAR PURPOSE.

configure:7063: $? = 0
configure:7070: g++ -v >&5
Using built-in specs.
Target: i686-pc-linux-gnu
Configured with: /var/tmp/portage/sys-devel/gcc-4.1.2/work/gcc-4.1.2/configure --prefix=/usr --bindir=/usr/i686-pc-linux-gnu/gcc-bin/4.1.2 --includedir=/usr/lib/gcc/i686-pc-linux-gnu/4.1.2/include --datadir=/usr/share/gcc-data/i686-pc-linux-gnu/4.1.2 --mandir=/usr/share/gcc-data/i686-pc-linux-gnu/4.1.2/man --infodir=/usr/share/gcc-data/i686-pc-linux-gnu/4.1.2/info --with-gxx-include-dir=/usr/lib/gcc/i686-pc-linux-gnu/4.1.2/include/g++-v4 --host=i686-pc-linux-gnu --build=i686-pc-linux-gnu --disable-altivec --enable-nls --without-included-gettext --with-system-zlib --disable-checking --disable-werror --enable-secureplt --disable-libunwind-exceptions --disable-multilib --enable-libmudflap --disable-libssp --disable-libgcj --enable-languages=c,c++,fortran --enable-shared --enable-threads=posix --enable-__cxa_atexit --enable-clocale=gnu
Thread model: posix
gcc version 4.1.2 (Gentoo 4.1.2)
configure:7073: $? = 0
configure:7080: g++ -V >&5
g++: '-V' option must have argument
configure:7083: $? = 1
configure:7086: checking whether we are using the GNU C++ compiler
configure:7115: g++ -c   conftest.cpp >&5
configure:7121: $? = 0
configure:7138: result: yes
configure:7143: checking whether g++ accepts -g
configure:7173: g++ -c -g  conftest.cpp >&5
configure:7179: $? = 0
configure:7278: result: yes
configure:7303: checking dependency style of g++
configure:7393: result: gcc3
configure:7420: checking how to run the C++ preprocessor
configure:7456: g++ -E  conftest.cpp
configure:7462: $? = 0
configure:7493: g++ -E  conftest.cpp
conftest.cpp:21:28: error: ac_nonexistent.h: No such file or directory
configure:7499: $? = 1
configure: failed program was:
| /* confdefs.h.  */
| #define PACKAGE_NAME ""
| #define PACKAGE_TARNAME ""
| #define PACKAGE_VERSION ""
| #define PACKAGE_STRING ""
| #define PACKAGE_BUGREPORT ""
| #define PACKAGE "exalt"
| #define VERSION "0.5"
| #define STDC_HEADERS 1
| #define HAVE_SYS_TYPES_H 1
| #define HAVE_SYS_STAT_H 1
| #define HAVE_STDLIB_H 1
| #define HAVE_STRING_H 1
| #define HAVE_MEMORY_H 1
| #define HAVE_STRINGS_H 1
| #define HAVE_INTTYPES_H 1
| #define HAVE_STDINT_H 1
| #define HAVE_UNISTD_H 1
| #define HAVE_DLFCN_H 1
| /* end confdefs.h.  */
| #include <ac_nonexistent.h>
configure:7532: result: g++ -E
configure:7561: g++ -E  conftest.cpp
configure:7567: $? = 0
configure:7598: g++ -E  conftest.cpp
conftest.cpp:21:28: error: ac_nonexistent.h: No such file or directory
configure:7604: $? = 1
configure: failed program was:
| /* confdefs.h.  */
| #define PACKAGE_NAME ""
| #define PACKAGE_TARNAME ""
| #define PACKAGE_VERSION ""
| #define PACKAGE_STRING ""
| #define PACKAGE_BUGREPORT ""
| #define PACKAGE "exalt"
| #define VERSION "0.5"
| #define STDC_HEADERS 1
| #define HAVE_SYS_TYPES_H 1
| #define HAVE_SYS_STAT_H 1
| #define HAVE_STDLIB_H 1
| #define HAVE_STRING_H 1
| #define HAVE_MEMORY_H 1
| #define HAVE_STRINGS_H 1
| #define HAVE_INTTYPES_H 1
| #define HAVE_STDINT_H 1
| #define HAVE_UNISTD_H 1
| #define HAVE_DLFCN_H 1
| /* end confdefs.h.  */
| #include <ac_nonexistent.h>
configure:7697: checking for g77
configure:7727: result: no
configure:7697: checking for xlf
configure:7727: result: no
configure:7697: checking for f77
configure:7727: result: no
configure:7697: checking for frt
configure:7727: result: no
configure:7697: checking for pgf77
configure:7727: result: no
configure:7697: checking for cf77
configure:7727: result: no
configure:7697: checking for fort77
configure:7727: result: no
configure:7697: checking for fl32
configure:7727: result: no
configure:7697: checking for af77
configure:7727: result: no
configure:7697: checking for xlf90
configure:7727: result: no
configure:7697: checking for f90
configure:7727: result: no
configure:7697: checking for pgf90
configure:7727: result: no
configure:7697: checking for pghpf
configure:7727: result: no
configure:7697: checking for epcf90
configure:7727: result: no
configure:7697: checking for gfortran
configure:7713: found /usr/bin/gfortran
configure:7724: result: gfortran
configure:7754: checking for Fortran 77 compiler version
configure:7761: gfortran --version >&5
GNU Fortran 95 (GCC) 4.1.2 (Gentoo 4.1.2)
Copyright (C) 2006 Free Software Foundation, Inc.

GNU Fortran comes with NO WARRANTY, to the extent permitted by law.
You may redistribute copies of GNU Fortran
under the terms of the GNU General Public License.
For more information about these matters, see the file named COPYING

configure:7764: $? = 0
configure:7771: gfortran -v >&5
Using built-in specs.
Target: i686-pc-linux-gnu
Configured with: /var/tmp/portage/sys-devel/gcc-4.1.2/work/gcc-4.1.2/configure --prefix=/usr --bindir=/usr/i686-pc-linux-gnu/gcc-bin/4.1.2 --includedir=/usr/lib/gcc/i686-pc-linux-gnu/4.1.2/include --datadir=/usr/share/gcc-data/i686-pc-linux-gnu/4.1.2 --mandir=/usr/share/gcc-data/i686-pc-linux-gnu/4.1.2/man --infodir=/usr/share/gcc-data/i686-pc-linux-gnu/4.1.2/info --with-gxx-include-dir=/usr/lib/gcc/i686-pc-linux-gnu/4.1.2/include/g++-v4 --host=i686-pc-linux-gnu --build=i686-pc-linux-gnu --disable-altivec --enable-nls --without-included-gettext --with-system-zlib --disable-checking --disable-werror --enable-secureplt --disable-libunwind-exceptions --disable-multilib --enable-libmudflap --disable-libssp --disable-libgcj --enable-languages=c,c++,fortran --enable-shared --enable-threads=posix --enable-__cxa_atexit --enable-clocale=gnu
Thread model: posix
gcc version 4.1.2 (Gentoo 4.1.2)
configure:7774: $? = 0
configure:7781: gfortran -V >&5
gfortran: '-V' option must have argument
configure:7784: $? = 1
configure:7792: checking whether we are using the GNU Fortran 77 compiler
configure:7811: gfortran -c  conftest.F >&5
configure:7817: $? = 0
configure:7834: result: yes
configure:7840: checking whether gfortran accepts -g
configure:7857: gfortran -c -g conftest.f >&5
configure:7863: $? = 0
configure:7879: result: yes
configure:7909: checking the maximum length of command line arguments
configure:8018: result: 32768
configure:8030: checking command to parse /usr/bin/nm -B output from gcc object
configure:8135: gcc -c -g -O2  conftest.c >&5
configure:8138: $? = 0
configure:8142: /usr/bin/nm -B conftest.o \| sed -n -e 's/^.*[ 	]\([ABCDGIRSTW][ABCDGIRSTW]*\)[ 	][ 	]*\([_A-Za-z][_A-Za-z0-9]*\)$/\1 \2 \2/p' \> conftest.nm
configure:8145: $? = 0
configure:8197: gcc -o conftest -g -O2   conftest.c conftstm.o >&5
configure:8200: $? = 0
configure:8238: result: ok
configure:8242: checking for objdir
configure:8257: result: .libs
configure:8349: checking for ar
configure:8365: found /usr/bin/ar
configure:8376: result: ar
configure:8445: checking for ranlib
configure:8461: found /usr/bin/ranlib
configure:8472: result: ranlib
configure:8541: checking for strip
configure:8557: found /usr/bin/strip
configure:8568: result: strip
configure:8805: checking for correct ltmain.sh version
configure:8855: result: yes
configure:8915: checking if gcc supports -fno-rtti -fno-exceptions
configure:8933: gcc -c -g -O2  -fno-rtti -fno-exceptions conftest.c >&5
cc1: warning: command line option "-fno-rtti" is valid for C++/ObjC++ but not for C
configure:8937: $? = 0
configure:8950: result: no
configure:8965: checking for gcc option to produce PIC
configure:9197: result: -fPIC
configure:9205: checking if gcc PIC flag -fPIC works
configure:9223: gcc -c -g -O2  -fPIC -DPIC conftest.c >&5
configure:9227: $? = 0
configure:9240: result: yes
configure:9268: checking if gcc static flag -static works
configure:9296: result: yes
configure:9306: checking if gcc supports -c -o file.o
configure:9327: gcc -c -g -O2  -o out/conftest2.o conftest.c >&5
configure:9331: $? = 0
configure:9353: result: yes
configure:9379: checking whether the gcc linker (/usr/i686-pc-linux-gnu/bin/ld) supports shared libraries
configure:10355: result: yes
configure:10376: checking whether -lc should be explicitly linked in
configure:10381: gcc -c -g -O2  conftest.c >&5
configure:10384: $? = 0
configure:10399: gcc -shared conftest.o  -v -Wl,-soname -Wl,conftest -o conftest 2\>\&1 \| grep  -lc  \>/dev/null 2\>\&1
configure:10402: $? = 0
configure:10414: result: no
configure:10422: checking dynamic linker characteristics
configure:11037: result: GNU/Linux ld.so
configure:11046: checking how to hardcode library paths into programs
configure:11071: result: immediate
configure:11085: checking whether stripping libraries is possible
configure:11090: result: yes
configure:11892: checking if libtool supports shared libraries
configure:11894: result: yes
configure:11897: checking whether to build shared libraries
configure:11918: result: yes
configure:11921: checking whether to build static libraries
configure:11925: result: yes
configure:12017: creating libtool
configure:12605: checking for ld used by g++
configure:12672: result: /usr/i686-pc-linux-gnu/bin/ld
configure:12681: checking if the linker (/usr/i686-pc-linux-gnu/bin/ld) is GNU ld
configure:12696: result: yes
configure:12747: checking whether the g++ linker (/usr/i686-pc-linux-gnu/bin/ld) supports shared libraries
configure:13717: result: yes
configure:13735: g++ -c -g -O2  conftest.cpp >&5
configure:13738: $? = 0
configure:13890: checking for g++ option to produce PIC
configure:14174: result: -fPIC
configure:14182: checking if g++ PIC flag -fPIC works
configure:14200: g++ -c -g -O2  -fPIC -DPIC conftest.cpp >&5
configure:14204: $? = 0
configure:14217: result: yes
configure:14245: checking if g++ static flag -static works
configure:14273: result: yes
configure:14283: checking if g++ supports -c -o file.o
configure:14304: g++ -c -g -O2  -o out/conftest2.o conftest.cpp >&5
configure:14308: $? = 0
configure:14330: result: yes
configure:14356: checking whether the g++ linker (/usr/i686-pc-linux-gnu/bin/ld) supports shared libraries
configure:14381: result: yes
configure:14448: checking dynamic linker characteristics
configure:15011: result: GNU/Linux ld.so
configure:15020: checking how to hardcode library paths into programs
configure:15045: result: immediate
configure:15578: checking if libtool supports shared libraries
configure:15580: result: yes
configure:15583: checking whether to build shared libraries
configure:15603: result: yes
configure:15606: checking whether to build static libraries
configure:15610: result: yes
configure:15620: checking for gfortran option to produce PIC
configure:15852: result: -fPIC
configure:15860: checking if gfortran PIC flag -fPIC works
configure:15878: gfortran -c -g -O2 -fPIC conftest.f >&5
configure:15882: $? = 0
configure:15895: result: yes
configure:15923: checking if gfortran static flag -static works
configure:15951: result: yes
configure:15961: checking if gfortran supports -c -o file.o
configure:15982: gfortran -c -g -O2 -o out/conftest2.o conftest.f >&5
configure:15986: $? = 0
configure:16008: result: yes
configure:16034: checking whether the gfortran linker (/usr/i686-pc-linux-gnu/bin/ld) supports shared libraries
configure:16990: result: yes
configure:17057: checking dynamic linker characteristics
configure:17620: result: GNU/Linux ld.so
configure:17629: checking how to hardcode library paths into programs
configure:17654: result: immediate
configure:21365: checking for pkg-config
configure:21383: found /usr/bin/pkg-config
configure:21395: result: /usr/bin/pkg-config
configure:21424: checking pkg-config is at least version 0.9.0
configure:21427: result: yes
configure:21438: checking for EXALT
configure:21449: $PKG_CONFIG --exists --print-errors "
  etk >= 0.1.0.002
  exalt >= 0.0.1
"
configure:21455: $? = 0
configure:21476: $PKG_CONFIG --exists --print-errors "
  etk >= 0.1.0.002
  exalt >= 0.0.1
"
configure:21482: $? = 0
configure:21573: result: yes
configure:21584: checking whether NLS is requested
configure:21593: result: yes
configure:21631: checking for msgfmt
configure: trying /usr/bin/msgfmt...
0 translated messages.
configure:21663: result: /usr/bin/msgfmt
configure:21672: checking for gmsgfmt
configure:21690: found /usr/bin/gmsgfmt
configure:21703: result: /usr/bin/gmsgfmt
configure:21754: checking for xgettext
configure: trying /usr/bin/xgettext...
/usr/bin/xgettext: warning: file `/dev/null' extension `' is unknown; will try C
configure:21786: result: /usr/bin/xgettext
configure:21832: checking for msgmerge
configure: trying /usr/bin/msgmerge...
configure:21863: result: /usr/bin/msgmerge
configure:21917: checking for ld used by GCC
configure:21981: result: /usr/i686-pc-linux-gnu/bin/ld
configure:21990: checking if the linker (/usr/i686-pc-linux-gnu/bin/ld) is GNU ld
configure:22003: result: yes
configure:22010: checking for shared library run path origin
configure:22023: result: done
configure:22480: checking for CFPreferencesCopyAppValue
configure:22508: gcc -o conftest -g -O2   conftest.c  -Wl,-framework -Wl,CoreFoundation >&5
conftest.c:26:42: error: CoreFoundation/CFPreferences.h: No such file or directory
conftest.c: In function 'main':
conftest.c:30: error: 'NULL' undeclared (first use in this function)
conftest.c:30: error: (Each undeclared identifier is reported only once
conftest.c:30: error: for each function it appears in.)
configure:22514: $? = 1
configure: failed program was:
| /* confdefs.h.  */
| #define PACKAGE_NAME ""
| #define PACKAGE_TARNAME ""
| #define PACKAGE_VERSION ""
| #define PACKAGE_STRING ""
| #define PACKAGE_BUGREPORT ""
| #define PACKAGE "exalt"
| #define VERSION "0.5"
| #define STDC_HEADERS 1
| #define HAVE_SYS_TYPES_H 1
| #define HAVE_SYS_STAT_H 1
| #define HAVE_STDLIB_H 1
| #define HAVE_STRING_H 1
| #define HAVE_MEMORY_H 1
| #define HAVE_STRINGS_H 1
| #define HAVE_INTTYPES_H 1
| #define HAVE_STDINT_H 1
| #define HAVE_UNISTD_H 1
| #define HAVE_DLFCN_H 1
| #define PACKAGE_DATA_DIR "/usr/local/share/exalt"
| #define PACKAGE_BIN_DIR "${exec_prefix}/bin"
| #define PACKAGE_LIB_DIR "${exec_prefix}/lib"
| #define PACKAGE_LOCALE_DIR "/usr/local/share/locale"
| #define PACKAGE_SOURCE_DIR "/home/watchwolf/Projects/C/exalt_svn/trunk/exalt"
| /* end confdefs.h.  */
| #include <CoreFoundation/CFPreferences.h>
| int
| main ()
| {
| CFPreferencesCopyAppValue(NULL, NULL)
|   ;
|   return 0;
| }
configure:22532: result: no
configure:22541: checking for CFLocaleCopyCurrent
configure:22569: gcc -o conftest -g -O2   conftest.c  -Wl,-framework -Wl,CoreFoundation >&5
conftest.c:26:37: error: CoreFoundation/CFLocale.h: No such file or directory
configure:22575: $? = 1
configure: failed program was:
| /* confdefs.h.  */
| #define PACKAGE_NAME ""
| #define PACKAGE_TARNAME ""
| #define PACKAGE_VERSION ""
| #define PACKAGE_STRING ""
| #define PACKAGE_BUGREPORT ""
| #define PACKAGE "exalt"
| #define VERSION "0.5"
| #define STDC_HEADERS 1
| #define HAVE_SYS_TYPES_H 1
| #define HAVE_SYS_STAT_H 1
| #define HAVE_STDLIB_H 1
| #define HAVE_STRING_H 1
| #define HAVE_MEMORY_H 1
| #define HAVE_STRINGS_H 1
| #define HAVE_INTTYPES_H 1
| #define HAVE_STDINT_H 1
| #define HAVE_UNISTD_H 1
| #define HAVE_DLFCN_H 1
| #define PACKAGE_DATA_DIR "/usr/local/share/exalt"
| #define PACKAGE_BIN_DIR "${exec_prefix}/bin"
| #define PACKAGE_LIB_DIR "${exec_prefix}/lib"
| #define PACKAGE_LOCALE_DIR "/usr/local/share/locale"
| #define PACKAGE_SOURCE_DIR "/home/watchwolf/Projects/C/exalt_svn/trunk/exalt"
| /* end confdefs.h.  */
| #include <CoreFoundation/CFLocale.h>
| int
| main ()
| {
| CFLocaleCopyCurrent();
|   ;
|   return 0;
| }
configure:22593: result: no
configure:22644: checking for GNU gettext in libc
configure:22674: gcc -o conftest -g -O2   conftest.c  >&5
configure:22680: $? = 0
configure:22698: result: yes
configure:23414: checking whether to use NLS
configure:23416: result: yes
configure:23419: checking where the gettext function comes from
configure:23430: result: libc
configure:23636: creating ./config.status

## ---------------------- ##
## Running config.status. ##
## ---------------------- ##

This file was extended by config.status, which was
generated by GNU Autoconf 2.61.  Invocation command line was

  CONFIG_FILES    = 
  CONFIG_HEADERS  = 
  CONFIG_LINKS    = 
  CONFIG_COMMANDS = 
  $ ./config.status 

on Watchwolf

config.status:697: creating Makefile
config.status:697: creating src/Makefile
config.status:697: creating data/Makefile
config.status:697: creating data/icons/Makefile
config.status:697: creating po/Makefile
config.status:697: creating debian/changelog
config.status:697: creating src/config.h
config.status:926: src/config.h is unchanged
config.status:972: executing depfiles commands
config.status:972: executing po-directories commands

## ---------------- ##
## Cache variables. ##
## ---------------- ##

ac_cv_build=i686-pc-linux-gnu
ac_cv_c_compiler_gnu=yes
ac_cv_c_const=yes
ac_cv_cxx_compiler_gnu=yes
ac_cv_env_CCC_set=
ac_cv_env_CCC_value=
ac_cv_env_CC_set=
ac_cv_env_CC_value=
ac_cv_env_CFLAGS_set=
ac_cv_env_CFLAGS_value=
ac_cv_env_CPPFLAGS_set=
ac_cv_env_CPPFLAGS_value=
ac_cv_env_CPP_set=
ac_cv_env_CPP_value=
ac_cv_env_CXXCPP_set=
ac_cv_env_CXXCPP_value=
ac_cv_env_CXXFLAGS_set=
ac_cv_env_CXXFLAGS_value=
ac_cv_env_CXX_set=
ac_cv_env_CXX_value=
ac_cv_env_EXALT_CFLAGS_set=
ac_cv_env_EXALT_CFLAGS_value=
ac_cv_env_EXALT_LIBS_set=
ac_cv_env_EXALT_LIBS_value=
ac_cv_env_F77_set=
ac_cv_env_F77_value=
ac_cv_env_FFLAGS_set=
ac_cv_env_FFLAGS_value=
ac_cv_env_LDFLAGS_set=
ac_cv_env_LDFLAGS_value=
ac_cv_env_LIBS_set=
ac_cv_env_LIBS_value=
ac_cv_env_PKG_CONFIG_set=
ac_cv_env_PKG_CONFIG_value=
ac_cv_env_build_alias_set=
ac_cv_env_build_alias_value=
ac_cv_env_host_alias_set=
ac_cv_env_host_alias_value=
ac_cv_env_target_alias_set=
ac_cv_env_target_alias_value=
ac_cv_f77_compiler_gnu=yes
ac_cv_header_dlfcn_h=yes
ac_cv_header_inttypes_h=yes
ac_cv_header_memory_h=yes
ac_cv_header_stdc=yes
ac_cv_header_stdint_h=yes
ac_cv_header_stdlib_h=yes
ac_cv_header_string_h=yes
ac_cv_header_strings_h=yes
ac_cv_header_sys_stat_h=yes
ac_cv_header_sys_types_h=yes
ac_cv_header_unistd_h=yes
ac_cv_host=i686-pc-linux-gnu
ac_cv_objext=o
ac_cv_path_EGREP='/bin/grep -E'
ac_cv_path_GMSGFMT=/usr/bin/gmsgfmt
ac_cv_path_GREP=/bin/grep
ac_cv_path_MSGFMT=/usr/bin/msgfmt
ac_cv_path_MSGMERGE=/usr/bin/msgmerge
ac_cv_path_XGETTEXT=/usr/bin/xgettext
ac_cv_path_ac_pt_PKG_CONFIG=/usr/bin/pkg-config
ac_cv_path_install='/usr/bin/install -c'
ac_cv_prog_AWK=gawk
ac_cv_prog_CPP='gcc -E'
ac_cv_prog_CXXCPP='g++ -E'
ac_cv_prog_ac_ct_AR=ar
ac_cv_prog_ac_ct_CC=gcc
ac_cv_prog_ac_ct_CXX=g++
ac_cv_prog_ac_ct_F77=gfortran
ac_cv_prog_ac_ct_RANLIB=ranlib
ac_cv_prog_ac_ct_STRIP=strip
ac_cv_prog_cc_c89=
ac_cv_prog_cc_g=yes
ac_cv_prog_cxx_g=yes
ac_cv_prog_f77_g=yes
ac_cv_prog_make_make_set=yes
ac_cv_search_strerror='none required'
ac_cv_target=i686-pc-linux-gnu
acl_cv_hardcode_direct=no
acl_cv_hardcode_libdir_flag_spec='${wl}-rpath ${wl}$libdir'
acl_cv_hardcode_libdir_separator=
acl_cv_hardcode_minus_L=no
acl_cv_libext=a
acl_cv_path_LD=/usr/i686-pc-linux-gnu/bin/ld
acl_cv_prog_gnu_ld=yes
acl_cv_rpath=done
acl_cv_shlibext=so
acl_cv_wl=-Wl,
am_cv_CC_dependencies_compiler_type=gcc3
am_cv_CXX_dependencies_compiler_type=gcc3
am_cv_prog_cc_stdc=
gt_cv_func_CFLocaleCopyCurrent=no
gt_cv_func_CFPreferencesCopyAppValue=no
gt_cv_func_gnugettext1_libc=yes
lt_cv_deplibs_check_method=pass_all
lt_cv_file_magic_cmd='$MAGIC_CMD'
lt_cv_file_magic_test_file=
lt_cv_ld_reload_flag=-r
lt_cv_objdir=.libs
lt_cv_path_LD=/usr/i686-pc-linux-gnu/bin/ld
lt_cv_path_LDCXX=/usr/i686-pc-linux-gnu/bin/ld
lt_cv_path_NM='/usr/bin/nm -B'
lt_cv_path_SED=/bin/sed
lt_cv_prog_compiler_c_o=yes
lt_cv_prog_compiler_c_o_CXX=yes
lt_cv_prog_compiler_c_o_F77=yes
lt_cv_prog_compiler_rtti_exceptions=no
lt_cv_prog_gnu_ld=yes
lt_cv_prog_gnu_ldcxx=yes
lt_cv_sys_global_symbol_pipe='sed -n -e '\''s/^.*[ 	]\([ABCDGIRSTW][ABCDGIRSTW]*\)[ 	][ 	]*\([_A-Za-z][_A-Za-z0-9]*\)$/\1 \2 \2/p'\'''
lt_cv_sys_global_symbol_to_c_name_address='sed -n -e '\''s/^: \([^ ]*\) $/  {\"\1\", (lt_ptr) 0},/p'\'' -e '\''s/^[BCDEGRST] \([^ ]*\) \([^ ]*\)$/  {"\2", (lt_ptr) \&\2},/p'\'''
lt_cv_sys_global_symbol_to_cdecl='sed -n -e '\''s/^. .* \(.*\)$/extern int \1;/p'\'''
lt_cv_sys_max_cmd_len=32768
lt_lt_cv_prog_compiler_c_o='"yes"'
lt_lt_cv_prog_compiler_c_o_CXX='"yes"'
lt_lt_cv_prog_compiler_c_o_F77='"yes"'
lt_lt_cv_sys_global_symbol_pipe='"sed -n -e '\''s/^.*[ 	]\\([ABCDGIRSTW][ABCDGIRSTW]*\\)[ 	][ 	]*\\([_A-Za-z][_A-Za-z0-9]*\\)\$/\\1 \\2 \\2/p'\''"'
lt_lt_cv_sys_global_symbol_to_c_name_address='"sed -n -e '\''s/^: \\([^ ]*\\) \$/  {\\\"\\1\\\", (lt_ptr) 0},/p'\'' -e '\''s/^[BCDEGRST] \\([^ ]*\\) \\([^ ]*\\)\$/  {\"\\2\", (lt_ptr) \\&\\2},/p'\''"'
lt_lt_cv_sys_global_symbol_to_cdecl='"sed -n -e '\''s/^. .* \\(.*\\)\$/extern int \\1;/p'\''"'
pkg_cv_EXALT_CFLAGS='-I/usr/local/include -I/usr/local/include/exalt -I/usr/include/etk  '
pkg_cv_EXALT_LIBS='-L/usr/local/lib -letk -lecore_file -ledje -lecore_x -lecore -levas -lexalt  '

## ----------------- ##
## Output variables. ##
## ----------------- ##

ACLOCAL='${SHELL} /home/watchwolf/Projects/C/exalt_svn/trunk/exalt/missing --run aclocal-1.9'
ALL_LINGUAS='fr'
AMDEPBACKSLASH='\'
AMDEP_FALSE='#'
AMDEP_TRUE=''
AMTAR='${SHELL} /home/watchwolf/Projects/C/exalt_svn/trunk/exalt/missing --run tar'
AR='ar'
AUTOCONF='${SHELL} /home/watchwolf/Projects/C/exalt_svn/trunk/exalt/missing --run autoconf'
AUTOHEADER='${SHELL} /home/watchwolf/Projects/C/exalt_svn/trunk/exalt/missing --run autoheader'
AUTOMAKE='${SHELL} /home/watchwolf/Projects/C/exalt_svn/trunk/exalt/missing --run automake-1.9'
AWK='gawk'
CC='gcc'
CCDEPMODE='depmode=gcc3'
CFLAGS='-g -O2'
CPP='gcc -E'
CPPFLAGS=''
CXX='g++'
CXXCPP='g++ -E'
CXXDEPMODE='depmode=gcc3'
CXXFLAGS='-g -O2'
CYGPATH_W='echo'
DEFS='-DHAVE_CONFIG_H'
DEPDIR='.deps'
DLLDFLAGS='-export-dynamic'
ECHO='echo'
ECHO_C=''
ECHO_N='-n'
ECHO_T=''
EGREP='/bin/grep -E'
EXALT_CFLAGS='-I/usr/local/include -I/usr/local/include/exalt -I/usr/include/etk  '
EXALT_LIBS='-L/usr/local/lib -letk -lecore_file -ledje -lecore_x -lecore -levas -lexalt  '
EXEEXT=''
F77='gfortran'
FFLAGS='-g -O2'
GMSGFMT='/usr/bin/gmsgfmt'
GMSGFMT_015='/usr/bin/gmsgfmt'
GREP='/bin/grep'
INSTALL_DATA='${INSTALL} -m 644'
INSTALL_PROGRAM='${INSTALL}'
INSTALL_SCRIPT='${INSTALL}'
INSTALL_STRIP_PROGRAM='${SHELL} $(install_sh) -c -s'
INTLLIBS=''
INTL_MACOSX_LIBS=''
LDFLAGS=''
LIBICONV='-liconv'
LIBINTL=''
LIBOBJS=''
LIBS=''
LIBTOOL='$(SHELL) $(top_builddir)/libtool'
LN_S='ln -s'
LTLIBICONV='-liconv'
LTLIBINTL=''
LTLIBOBJS=''
MAKEINFO='${SHELL} /home/watchwolf/Projects/C/exalt_svn/trunk/exalt/missing --run makeinfo'
MSGFMT='/usr/bin/msgfmt'
MSGFMT_015='/usr/bin/msgfmt'
MSGMERGE='/usr/bin/msgmerge'
OBJEXT='o'
PACKAGE='exalt'
PACKAGE_BUGREPORT=''
PACKAGE_NAME=''
PACKAGE_STRING=''
PACKAGE_TARNAME=''
PACKAGE_VERSION=''
PATH_SEPARATOR=':'
PKG_CONFIG='/usr/bin/pkg-config'
POSUB='po'
RANLIB='ranlib'
SED='/bin/sed'
SET_MAKE=''
SHELL='/bin/sh'
STRIP='strip'
USE_NLS='yes'
VERSION='0.5'
XGETTEXT='/usr/bin/xgettext'
XGETTEXT_015='/usr/bin/xgettext'
ac_ct_CC='gcc'
ac_ct_CXX='g++'
ac_ct_F77='gfortran'
am__fastdepCC_FALSE='#'
am__fastdepCC_TRUE=''
am__fastdepCXX_FALSE='#'
am__fastdepCXX_TRUE=''
am__include='include'
am__leading_dot='.'
am__quote=''
am__tar='${AMTAR} chof - "$$tardir"'
am__untar='${AMTAR} xf -'
bindir='${exec_prefix}/bin'
build='i686-pc-linux-gnu'
build_alias=''
build_cpu='i686'
build_os='linux-gnu'
build_vendor='pc'
datadir='${datarootdir}'
datarootdir='${prefix}/share'
docdir='${datarootdir}/doc/${PACKAGE}'
dvidir='${docdir}'
exec_prefix='${prefix}'
host='i686-pc-linux-gnu'
host_alias=''
host_cpu='i686'
host_os='linux-gnu'
host_vendor='pc'
htmldir='${docdir}'
includedir='${prefix}/include'
infodir='${datarootdir}/info'
install_sh='/home/watchwolf/Projects/C/exalt_svn/trunk/exalt/install-sh'
libdir='${exec_prefix}/lib'
libexecdir='${exec_prefix}/libexec'
localedir='${datarootdir}/locale'
localstatedir='${prefix}/var'
mandir='${datarootdir}/man'
mkdir_p='mkdir -p --'
oldincludedir='/usr/include'
pdfdir='${docdir}'
prefix='/usr/local'
program_transform_name='s,x,x,'
psdir='${docdir}'
sbindir='${exec_prefix}/sbin'
sharedstatedir='${prefix}/com'
sysconfdir='${prefix}/etc'
target='i686-pc-linux-gnu'
target_alias=''
target_cpu='i686'
target_os='linux-gnu'
target_vendor='pc'

## ----------- ##
## confdefs.h. ##
## ----------- ##

#define PACKAGE_NAME ""
#define PACKAGE_TARNAME ""
#define PACKAGE_VERSION ""
#define PACKAGE_STRING ""
#define PACKAGE_BUGREPORT ""
#define PACKAGE "exalt"
#define VERSION "0.5"
#define STDC_HEADERS 1
#define HAVE_SYS_TYPES_H 1
#define HAVE_SYS_STAT_H 1
#define HAVE_STDLIB_H 1
#define HAVE_STRING_H 1
#define HAVE_MEMORY_H 1
#define HAVE_STRINGS_H 1
#define HAVE_INTTYPES_H 1
#define HAVE_STDINT_H 1
#define HAVE_UNISTD_H 1
#define HAVE_DLFCN_H 1
#define PACKAGE_DATA_DIR "/usr/local/share/exalt"
#define PACKAGE_BIN_DIR "${exec_prefix}/bin"
#define PACKAGE_LIB_DIR "${exec_prefix}/lib"
#define PACKAGE_LOCALE_DIR "/usr/local/share/locale"
#define PACKAGE_SOURCE_DIR "/home/watchwolf/Projects/C/exalt_svn/trunk/exalt"
#define ENABLE_NLS 1
#define HAVE_GETTEXT 1
#define HAVE_DCGETTEXT 1

configure: exit 0
